TN:
SF:my-vue-app/src/App.vue
FNF:0
FNH:0
LF:0
LH:0
BRDA:6,0,0,0
BRF:1
BRH:0
end_of_record
TN:
SF:my-vue-app/src/main.js
FNF:0
FNH:0
DA:5,0
LF:1
LH:0
BRF:0
BRH:0
end_of_record
TN:
SF:my-vue-app/src/sum.js
FN:1,sum
FNF:1
FNH:1
FNDA:3,sum
DA:2,3
LF:1
LH:1
BRF:0
BRH:0
end_of_record
TN:
SF:my-vue-app/src/components/HelloWorld.vue
FN:15,(anonymous_2)
FNF:1
FNH:0
FNDA:0,(anonymous_2)
DA:8,0
DA:14,0
DA:15,0
LF:3
LH:0
BRDA:15,0,0,0
BRDA:15,0,1,0
BRDA:16,1,0,0
BRDA:22,2,0,0
BRDA:28,3,0,0
BRDA:36,4,0,0
BRDA:36,4,1,0
BRF:7
BRH:0
end_of_record
